<?xml version="1.0" encoding="UTF-8"?>
<coverage generated="1544053565401" clover="3.2.0">
  <project timestamp="1544053565401" name="All files">
    <metrics statements="14" coveredstatements="11" conditionals="2" coveredconditionals="0" methods="4" coveredmethods="3" elements="20" coveredelements="14" complexity="0" loc="14" ncloc="14" packages="2" files="2" classes="2">
      <package name="getInfoUpdates">
        <metrics statements="7" coveredstatements="7" conditionals="0" coveredconditionals="0" methods="2" coveredmethods="2"/>
        <file name="getInfoUpdates.js" path="C:\Users\ashis\Desktop\Trans Domain\Projects\Tutortimes\Tech\Code\tutortimes\helpers\getInfoUpdates\getInfoUpdates.js">
          <metrics statements="7" coveredstatements="7" conditionals="0" coveredconditionals="0" methods="2" coveredmethods="2"/>
          <line num="1" count="1" type="stmt"/>
          <line num="3" count="8" type="stmt"/>
          <line num="4" count="5" type="stmt"/>
          <line num="6" count="5" type="stmt"/>
          <line num="7" count="5" type="stmt"/>
          <line num="8" count="8" type="stmt"/>
          <line num="11" count="5" type="stmt"/>
        </file>
      </package>
      <package name="passwordHashing">
        <metrics statements="7" coveredstatements="4" conditionals="2" coveredconditionals="0" methods="2" coveredmethods="1"/>
        <file name="passwordHashing.js" path="C:\Users\ashis\Desktop\Trans Domain\Projects\Tutortimes\Tech\Code\tutortimes\helpers\passwordHashing\passwordHashing.js">
          <metrics statements="7" coveredstatements="4" conditionals="2" coveredconditionals="0" methods="2" coveredmethods="1"/>
          <line num="2" count="1" type="stmt"/>
          <line num="4" count="1" type="stmt"/>
          <line num="5" count="1" type="stmt"/>
          <line num="6" count="0" type="cond" truecount="0" falsecount="2"/>
          <line num="7" count="0" type="stmt"/>
          <line num="8" count="0" type="stmt"/>
          <line num="10" count="1" type="stmt"/>
        </file>
      </package>
    </metrics>
  </project>
</coverage>
