<?xml version="1.0" encoding="UTF-8"?>
<coverage generated="1542952188371" clover="3.2.0">
  <project timestamp="1542952188371" name="All files">
    <metrics statements="7" coveredstatements="7" conditionals="0" coveredconditionals="0" methods="2" coveredmethods="2" elements="9" coveredelements="9" complexity="0" loc="7" ncloc="7" packages="1" files="1" classes="1">
      <file name="getInfoUpdates.js" path="C:\Users\ashis\Desktop\Trans Domain\Projects\Tutortimes\Tech\Code\tutortimes-backend\helpers\getInfoUpdates\getInfoUpdates.js">
        <metrics statements="7" coveredstatements="7" conditionals="0" coveredconditionals="0" methods="2" coveredmethods="2"/>
        <line num="6" count="1" type="stmt"/>
        <line num="8" count="7" type="stmt"/>
        <line num="9" count="4" type="stmt"/>
        <line num="11" count="4" type="stmt"/>
        <line num="12" count="4" type="stmt"/>
        <line num="13" count="7" type="stmt"/>
        <line num="16" count="4" type="stmt"/>
      </file>
    </metrics>
  </project>
</coverage>
