{"C:\\Users\\ashis\\Desktop\\Trans Domain\\Projects\\Tutortimes\\Tech\\Code\\tutortimes-backend\\helpers\\getInfoUpdates\\getInfoUpdates.js": {"path":"C:\\Users\\ashis\\Desktop\\Trans Domain\\Projects\\Tutortimes\\Tech\\Code\\tutortimes-backend\\helpers\\getInfoUpdates\\getInfoUpdates.js","statementMap":{"0":{"start":{"line":6,"column":23},"end":{"line":17,"column":1}},"1":{"start":{"line":8,"column":13},"end":{"line":8,"column":57}},"2":{"start":{"line":8,"column":40},"end":{"line":8,"column":56}},"3":{"start":{"line":9,"column":15},"end":{"line":9,"column":34}},"4":{"start":{"line":11,"column":18},"end":{"line":11,"column":20}},"5":{"start":{"line":12,"column":2},"end":{"line":14,"column":3}},"6":{"start":{"line":13,"column":4},"end":{"line":13,"column":35}},"7":{"start":{"line":16,"column":2},"end":{"line":16,"column":19}}},"fnMap":{"0":{"name":"(anonymous_0)","decl":{"start":{"line":6,"column":23},"end":{"line":6,"column":24}},"loc":{"start":{"line":6,"column":39},"end":{"line":17,"column":1}},"line":6},"1":{"name":"(anonymous_1)","decl":{"start":{"line":8,"column":35},"end":{"line":8,"column":36}},"loc":{"start":{"line":8,"column":40},"end":{"line":8,"column":56}},"line":8}},"branchMap":{},"s":{"0":1,"1":4,"2":7,"3":4,"4":4,"5":4,"6":7,"7":4},"f":{"0":4,"1":7},"b":{},"_coverageSchema":"332fd63041d2c1bcb487cc26dd0d5f7d97098a6c","hash":"1647de54dd6de64f67c8f739237af9b5ae2e1883"}
}
