{"C:\\Users\\ashis\\Desktop\\Trans Domain\\Projects\\Tutortimes\\Tech\\Code\\tutortimes\\helpers\\getInfoUpdates\\getInfoUpdates.js": {"path":"C:\\Users\\ashis\\Desktop\\Trans Domain\\Projects\\Tutortimes\\Tech\\Code\\tutortimes\\helpers\\getInfoUpdates\\getInfoUpdates.js","statementMap":{"0":{"start":{"line":1,"column":23},"end":{"line":12,"column":1}},"1":{"start":{"line":3,"column":13},"end":{"line":3,"column":57}},"2":{"start":{"line":3,"column":40},"end":{"line":3,"column":56}},"3":{"start":{"line":4,"column":15},"end":{"line":4,"column":34}},"4":{"start":{"line":6,"column":18},"end":{"line":6,"column":20}},"5":{"start":{"line":7,"column":2},"end":{"line":9,"column":3}},"6":{"start":{"line":8,"column":4},"end":{"line":8,"column":35}},"7":{"start":{"line":11,"column":2},"end":{"line":11,"column":19}}},"fnMap":{"0":{"name":"(anonymous_0)","decl":{"start":{"line":1,"column":23},"end":{"line":1,"column":24}},"loc":{"start":{"line":1,"column":39},"end":{"line":12,"column":1}},"line":1},"1":{"name":"(anonymous_1)","decl":{"start":{"line":3,"column":35},"end":{"line":3,"column":36}},"loc":{"start":{"line":3,"column":40},"end":{"line":3,"column":56}},"line":3}},"branchMap":{},"s":{"0":1,"1":5,"2":8,"3":5,"4":5,"5":5,"6":8,"7":5},"f":{"0":5,"1":8},"b":{},"_coverageSchema":"332fd63041d2c1bcb487cc26dd0d5f7d97098a6c","hash":"a5d8c2360d99ba9193d53ee75a8c49e50808f2d4"}
,"C:\\Users\\ashis\\Desktop\\Trans Domain\\Projects\\Tutortimes\\Tech\\Code\\tutortimes\\helpers\\passwordHashing\\passwordHashing.js": {"path":"C:\\Users\\ashis\\Desktop\\Trans Domain\\Projects\\Tutortimes\\Tech\\Code\\tutortimes\\helpers\\passwordHashing\\passwordHashing.js","statementMap":{"0":{"start":{"line":2,"column":19},"end":{"line":2,"column":21}},"1":{"start":{"line":4,"column":21},"end":{"line":11,"column":1}},"2":{"start":{"line":5,"column":2},"end":{"line":9,"column":5}},"3":{"start":{"line":6,"column":4},"end":{"line":6,"column":23}},"4":{"start":{"line":6,"column":13},"end":{"line":6,"column":23}},"5":{"start":{"line":7,"column":4},"end":{"line":7,"column":40}},"6":{"start":{"line":8,"column":4},"end":{"line":8,"column":28}},"7":{"start":{"line":10,"column":2},"end":{"line":10,"column":17}}},"fnMap":{"0":{"name":"(anonymous_0)","decl":{"start":{"line":4,"column":21},"end":{"line":4,"column":22}},"loc":{"start":{"line":4,"column":32},"end":{"line":11,"column":1}},"line":4},"1":{"name":"(anonymous_1)","decl":{"start":{"line":5,"column":44},"end":{"line":5,"column":45}},"loc":{"start":{"line":5,"column":59},"end":{"line":9,"column":3}},"line":5}},"branchMap":{"0":{"loc":{"start":{"line":6,"column":4},"end":{"line":6,"column":23}},"type":"if","locations":[{"start":{"line":6,"column":4},"end":{"line":6,"column":23}},{"start":{"line":6,"column":4},"end":{"line":6,"column":23}}],"line":6}},"s":{"0":1,"1":1,"2":1,"3":0,"4":0,"5":0,"6":0,"7":1},"f":{"0":1,"1":0},"b":{"0":[0,0]},"_coverageSchema":"332fd63041d2c1bcb487cc26dd0d5f7d97098a6c","hash":"56332d2e054d97fdf8113736f6d5dd697133f5bf"}
}
