TN:
SF:C:\Users\ashis\Desktop\Trans Domain\Projects\Tutortimes\Tech\Code\tutortimes\helpers\getInfoUpdates\getInfoUpdates.js
FN:1,(anonymous_0)
FN:3,(anonymous_1)
FNF:2
FNH:2
FNDA:5,(anonymous_0)
FNDA:8,(anonymous_1)
DA:1,1
DA:3,8
DA:4,5
DA:6,5
DA:7,5
DA:8,8
DA:11,5
LF:7
LH:7
BRF:0
BRH:0
end_of_record
TN:
SF:C:\Users\ashis\Desktop\Trans Domain\Projects\Tutortimes\Tech\Code\tutortimes\helpers\passwordHashing\passwordHashing.js
FN:4,(anonymous_0)
FN:5,(anonymous_1)
FNF:2
FNH:1
FNDA:1,(anonymous_0)
FNDA:0,(anonymous_1)
DA:2,1
DA:4,1
DA:5,1
DA:6,0
DA:7,0
DA:8,0
DA:10,1
LF:7
LH:4
BRDA:6,0,0,0
BRDA:6,0,1,0
BRF:2
BRH:0
end_of_record
